<?xml version="1.0" encoding="UTF-8"?>
<testsuite name="Academy choucair" tests="1" skipped="0" failures="0" errors="0" timestamp="2020-12-28T18:56:14" hostname="DESKTOP-HGED66D" time="66.317">
  <properties/>
  <testcase name="Search for automation course" classname="Academy choucair" time="66.317"/>
  <system-out><![CDATA[]]></system-out>
  <system-err><![CDATA[[Test worker] WARN net.thucydides.core.steps.BaseStepListener - stepStarted: net.thucydides.core.steps.ExecutedStepDescription@56c01eda
[Test worker] WARN net.thucydides.core.steps.BaseStepListener - stepStarted: net.thucydides.core.steps.ExecutedStepDescription@12e05d0
[Test worker] WARN net.thucydides.core.steps.BaseStepListener - stepStarted: net.thucydides.core.steps.ExecutedStepDescription@247342f3
dic 28, 2020 1:56:16 PM org.openqa.selenium.remote.DesiredCapabilities chrome
INFORMACIÓN: Using `new ChromeOptions()` is preferred to `DesiredCapabilities.chrome()`
[Test worker] INFO net.serenitybdd.core.webdriver.driverproviders.ProvideNewDriver - Instantiating driver
[Test worker] INFO net.serenitybdd.core.webdriver.driverproviders.ProvideNewDriver - Driver capabilities: Capabilities {acceptInsecureCerts: false, browserName: chrome, chrome.switches: --star-maximized, goog:chromeOptions: {args: [--star-maximized], extensions: []}, loggingPrefs: org.openqa.selenium.logging..., platform: ANY, version: }
Starting ChromeDriver 87.0.4280.88 (89e2380a3e36c3464b5dd1302349b1382549290d-refs/branch-heads/4280@{#1761}) on port 18125
Only local connections are allowed.
Please see https://chromedriver.chromium.org/security-considerations for suggestions on keeping ChromeDriver safe.
ChromeDriver was started successfully.
dic 28, 2020 1:56:42 PM org.openqa.selenium.remote.ProtocolHandshake createSession
INFORMACIÓN: Detected dialect: W3C
[Test worker] WARN net.thucydides.core.steps.BaseStepListener - stepFinished: current outcome:Search for automation course:Given than silvana wants to learn automation at the academy choucair [Silvana open up [Silvana opens the Choucair academypage]]
[Test worker] WARN net.thucydides.core.steps.BaseStepListener - stepFinished: current outcome:Search for automation course:Given than silvana wants to learn automation at the academy choucair [Silvana open up [Silvana opens the Choucair academypage]]
[Test worker] WARN net.thucydides.core.steps.BaseStepListener - stepStarted: net.thucydides.core.steps.ExecutedStepDescription@4759253f
[Test worker] WARN net.thucydides.core.steps.BaseStepListener - stepStarted: net.thucydides.core.steps.ExecutedStepDescription@6606f004
[Test worker] WARN net.thucydides.core.steps.BaseStepListener - stepFinished: current outcome:Search for automation course:Given than silvana wants to learn automation at the academy choucair [Silvana open up [Silvana opens the Choucair academypage], Silvana login [Silvana clicks on button that shows us the form to login]]
[Test worker] WARN net.thucydides.core.steps.BaseStepListener - stepStarted: net.thucydides.core.steps.ExecutedStepDescription@21598dba
[Test worker] WARN net.thucydides.core.steps.BaseStepListener - stepFinished: current outcome:Search for automation course:Given than silvana wants to learn automation at the academy choucair [Silvana open up [Silvana opens the Choucair academypage], Silvana login [Silvana clicks on button that shows us the form to login, Silvana enters '1061715763' into where do we write the user]]
[Test worker] WARN net.thucydides.core.steps.BaseStepListener - stepStarted: net.thucydides.core.steps.ExecutedStepDescription@1152f66
[Test worker] WARN net.thucydides.core.steps.BaseStepListener - stepFinished: current outcome:Search for automation course:Given than silvana wants to learn automation at the academy choucair [Silvana open up [Silvana opens the Choucair academypage], Silvana login [Silvana clicks on button that shows us the form to login, Silvana enters '1061715763' into where do we write the user, Silvana enters 'Choucair2020*' into where do we write the password]]
[Test worker] WARN net.thucydides.core.steps.BaseStepListener - stepStarted: net.thucydides.core.steps.ExecutedStepDescription@3778b32
[Test worker] WARN net.thucydides.core.steps.BaseStepListener - stepFinished: current outcome:Search for automation course:Given than silvana wants to learn automation at the academy choucair [Silvana open up [Silvana opens the Choucair academypage], Silvana login [Silvana clicks on button that shows us the form to login, Silvana enters '1061715763' into where do we write the user, Silvana enters 'Choucair2020*' into where do we write the password, Silvana clicks on button to confire login]]
[Test worker] WARN net.thucydides.core.steps.BaseStepListener - stepFinished: current outcome:Search for automation course:Given than silvana wants to learn automation at the academy choucair [Silvana open up [Silvana opens the Choucair academypage], Silvana login [Silvana clicks on button that shows us the form to login, Silvana enters '1061715763' into where do we write the user, Silvana enters 'Choucair2020*' into where do we write the password, Silvana clicks on button to confire login]]
[Test worker] WARN net.thucydides.core.steps.BaseStepListener - stepFinished: current outcome:Search for automation course:Given than silvana wants to learn automation at the academy choucair [Silvana open up [Silvana opens the Choucair academypage], Silvana login [Silvana clicks on button that shows us the form to login, Silvana enters '1061715763' into where do we write the user, Silvana enters 'Choucair2020*' into where do we write the password, Silvana clicks on button to confire login]]
[Test worker] WARN net.thucydides.core.steps.BaseStepListener - stepStarted: net.thucydides.core.steps.ExecutedStepDescription@1fc10941
[Test worker] WARN net.thucydides.core.steps.BaseStepListener - stepStarted: net.thucydides.core.steps.ExecutedStepDescription@41a24bed
[Test worker] WARN net.thucydides.core.steps.BaseStepListener - stepStarted: net.thucydides.core.steps.ExecutedStepDescription@163ee206
[Test worker] WARN net.thucydides.core.steps.BaseStepListener - stepFinished: current outcome:Search for automation course:Given than silvana wants to learn automation at the academy choucair [Silvana open up [Silvana opens the Choucair academypage], Silvana login [Silvana clicks on button that shows us the form to login, Silvana enters '1061715763' into where do we write the user, Silvana enters 'Choucair2020*' into where do we write the password, Silvana clicks on button to confire login]], When she search for the course Prueba Técnica - Analista Bancolombia on the choucair academy platform [Silvana search [Silvana clicks on Selecciona la Universidad choucair]]
[Test worker] WARN net.thucydides.core.steps.BaseStepListener - stepStarted: net.thucydides.core.steps.ExecutedStepDescription@502b25ce
[Test worker] WARN net.thucydides.core.steps.BaseStepListener - stepFinished: current outcome:Search for automation course:Given than silvana wants to learn automation at the academy choucair [Silvana open up [Silvana opens the Choucair academypage], Silvana login [Silvana clicks on button that shows us the form to login, Silvana enters '1061715763' into where do we write the user, Silvana enters 'Choucair2020*' into where do we write the password, Silvana clicks on button to confire login]], When she search for the course Prueba Técnica - Analista Bancolombia on the choucair academy platform [Silvana search [Silvana clicks on Selecciona la Universidad choucair, Silvana enters 'Prueba Técnica - Analista Bancolombia' into Buscar el curso]]
[Test worker] WARN net.thucydides.core.steps.BaseStepListener - stepStarted: net.thucydides.core.steps.ExecutedStepDescription@651f645c
[Test worker] WARN net.thucydides.core.steps.BaseStepListener - stepFinished: current outcome:Search for automation course:Given than silvana wants to learn automation at the academy choucair [Silvana open up [Silvana opens the Choucair academypage], Silvana login [Silvana clicks on button that shows us the form to login, Silvana enters '1061715763' into where do we write the user, Silvana enters 'Choucair2020*' into where do we write the password, Silvana clicks on button to confire login]], When she search for the course Prueba Técnica - Analista Bancolombia on the choucair academy platform [Silvana search [Silvana clicks on Selecciona la Universidad choucair, Silvana enters 'Prueba Técnica - Analista Bancolombia' into Buscar el curso, Silvana clicks on Da click para buscar el curso]]
[Test worker] WARN net.thucydides.core.steps.BaseStepListener - stepStarted: net.thucydides.core.steps.ExecutedStepDescription@2e8a388f
[Test worker] WARN net.thucydides.core.steps.BaseStepListener - stepFinished: current outcome:Search for automation course:Given than silvana wants to learn automation at the academy choucair [Silvana open up [Silvana opens the Choucair academypage], Silvana login [Silvana clicks on button that shows us the form to login, Silvana enters '1061715763' into where do we write the user, Silvana enters 'Choucair2020*' into where do we write the password, Silvana clicks on button to confire login]], When she search for the course Prueba Técnica - Analista Bancolombia on the choucair academy platform [Silvana search [Silvana clicks on Selecciona la Universidad choucair, Silvana enters 'Prueba Técnica - Analista Bancolombia' into Buscar el curso, Silvana clicks on Da click para buscar el curso, Silvana clicks on Da click para seleccionar el curso]]
[Test worker] WARN net.thucydides.core.steps.BaseStepListener - stepFinished: current outcome:Search for automation course:Given than silvana wants to learn automation at the academy choucair [Silvana open up [Silvana opens the Choucair academypage], Silvana login [Silvana clicks on button that shows us the form to login, Silvana enters '1061715763' into where do we write the user, Silvana enters 'Choucair2020*' into where do we write the password, Silvana clicks on button to confire login]], When she search for the course Prueba Técnica - Analista Bancolombia on the choucair academy platform [Silvana search [Silvana clicks on Selecciona la Universidad choucair, Silvana enters 'Prueba Técnica - Analista Bancolombia' into Buscar el curso, Silvana clicks on Da click para buscar el curso, Silvana clicks on Da click para seleccionar el curso]]
[Test worker] WARN net.thucydides.core.steps.BaseStepListener - stepFinished: current outcome:Search for automation course:Given than silvana wants to learn automation at the academy choucair [Silvana open up [Silvana opens the Choucair academypage], Silvana login [Silvana clicks on button that shows us the form to login, Silvana enters '1061715763' into where do we write the user, Silvana enters 'Choucair2020*' into where do we write the password, Silvana clicks on button to confire login]], When she search for the course Prueba Técnica - Analista Bancolombia on the choucair academy platform [Silvana search [Silvana clicks on Selecciona la Universidad choucair, Silvana enters 'Prueba Técnica - Analista Bancolombia' into Buscar el curso, Silvana clicks on Da click para buscar el curso, Silvana clicks on Da click para seleccionar el curso]]
[Test worker] WARN net.thucydides.core.steps.BaseStepListener - stepStarted: net.thucydides.core.steps.ExecutedStepDescription@7106933d
[Test worker] WARN net.thucydides.core.steps.BaseStepListener - stepStarted: net.thucydides.core.steps.ExecutedStepDescription@605725e0
[Test worker] WARN net.thucydides.core.steps.BaseStepListener - stepFinished: current outcome:Search for automation course:Given than silvana wants to learn automation at the academy choucair [Silvana open up [Silvana opens the Choucair academypage], Silvana login [Silvana clicks on button that shows us the form to login, Silvana enters '1061715763' into where do we write the user, Silvana enters 'Choucair2020*' into where do we write the password, Silvana clicks on button to confire login]], When she search for the course Prueba Técnica - Analista Bancolombia on the choucair academy platform [Silvana search [Silvana clicks on Selecciona la Universidad choucair, Silvana enters 'Prueba Técnica - Analista Bancolombia' into Buscar el curso, Silvana clicks on Da click para buscar el curso, Silvana clicks on Da click para seleccionar el curso]], Then she finds the course called resources Prueba Técnica - Analista Bancolombia [Then answer]
[Test worker] WARN net.thucydides.core.steps.BaseStepListener - stepFinished: current outcome:Search for automation course:Given than silvana wants to learn automation at the academy choucair [Silvana open up [Silvana opens the Choucair academypage], Silvana login [Silvana clicks on button that shows us the form to login, Silvana enters '1061715763' into where do we write the user, Silvana enters 'Choucair2020*' into where do we write the password, Silvana clicks on button to confire login]], When she search for the course Prueba Técnica - Analista Bancolombia on the choucair academy platform [Silvana search [Silvana clicks on Selecciona la Universidad choucair, Silvana enters 'Prueba Técnica - Analista Bancolombia' into Buscar el curso, Silvana clicks on Da click para buscar el curso, Silvana clicks on Da click para seleccionar el curso]], Then she finds the course called resources Prueba Técnica - Analista Bancolombia [Then answer]
[Test worker] WARN net.thucydides.core.steps.BaseStepListener - testFinished: Search for automation course:Given than silvana wants to learn automation at the academy choucair [Silvana open up [Silvana opens the Choucair academypage], Silvana login [Silvana clicks on button that shows us the form to login, Silvana enters '1061715763' into where do we write the user, Silvana enters 'Choucair2020*' into where do we write the password, Silvana clicks on button to confire login]], When she search for the course Prueba Técnica - Analista Bancolombia on the choucair academy platform [Silvana search [Silvana clicks on Selecciona la Universidad choucair, Silvana enters 'Prueba Técnica - Analista Bancolombia' into Buscar el curso, Silvana clicks on Da click para buscar el curso, Silvana clicks on Da click para seleccionar el curso]], Then she finds the course called resources Prueba Técnica - Analista Bancolombia [Then answer]
[Test worker] WARN net.thucydides.core.steps.BaseStepListener - TestOutcomes: [Search for automation course:Given than silvana wants to learn automation at the academy choucair [Silvana open up [Silvana opens the Choucair academypage], Silvana login [Silvana clicks on button that shows us the form to login, Silvana enters '1061715763' into where do we write the user, Silvana enters 'Choucair2020*' into where do we write the password, Silvana clicks on button to confire login]], When she search for the course Prueba Técnica - Analista Bancolombia on the choucair academy platform [Silvana search [Silvana clicks on Selecciona la Universidad choucair, Silvana enters 'Prueba Técnica - Analista Bancolombia' into Buscar el curso, Silvana clicks on Da click para buscar el curso, Silvana clicks on Da click para seleccionar el curso]], Then she finds the course called resources Prueba Técnica - Analista Bancolombia [Then answer]]
[Test worker] WARN net.thucydides.core.steps.BaseStepListener - Final testOutcomes: [Search for automation course:Given than silvana wants to learn automation at the academy choucair [Silvana open up [Silvana opens the Choucair academypage], Silvana login [Silvana clicks on button that shows us the form to login, Silvana enters '1061715763' into where do we write the user, Silvana enters 'Choucair2020*' into where do we write the password, Silvana clicks on button to confire login]], When she search for the course Prueba Técnica - Analista Bancolombia on the choucair academy platform [Silvana search [Silvana clicks on Selecciona la Universidad choucair, Silvana enters 'Prueba Técnica - Analista Bancolombia' into Buscar el curso, Silvana clicks on Da click para buscar el curso, Silvana clicks on Da click para seleccionar el curso]], Then she finds the course called resources Prueba Técnica - Analista Bancolombia [Then answer]]
[Test worker] INFO net.thucydides.core.steps.ConsoleLoggingListener - 
        __    _____ _____ ____ _____   ____   _    ____  ____  _____ ____  
  _     \ \  |_   _| ____/ ___|_   _| |  _ \ / \  / ___|/ ___|| ____|  _ \ 
 (_)_____| |   | | |  _| \___ \ | |   | |_) / _ \ \___ \\___ \|  _| | | | |
  _|_____| |   | | | |___ ___) || |   |  __/ ___ \ ___) |___) | |___| |_| |
 (_)     | |   |_| |_____|____/ |_|   |_| /_/   \_\____/|____/|_____|____/ 
        /_/                                                                

TEST PASSED: Search for automation course
----------------------------------------------------------------------------
]]></system-err>
</testsuite>
